<?xml version="1.0" encoding="UTF-8"?>
<!-- Generated by org.testng.reporters.JUnitXMLReporter -->
<testsuite hostname="Nishits-MacBook-Pro.local" ignored="6" name="BDD Test" tests="6" failures="0" timestamp="27 Dec 2021 18:00:41 GMT" time="6.544" errors="0">
  <testcase name="Verify post operation for list of users with valid data" time="3.875" classname="com.qmetry.qaf.automation.step.client.DataDrivenScenario"/>
  <testcase name="Get User Details" time="0.659" classname="com.qmetry.qaf.automation.step.client.Scenario"/>
  <testcase name="Verify invalid user by performing GET API Request" time="0.346" classname="com.qmetry.qaf.automation.step.client.Scenario"/>
  <testcase name="Create user with outline" time="0.563" classname="com.qmetry.qaf.automation.step.client.DataDrivenScenario"/>
  <testcase name="Create user with outline" time="0.553" classname="com.qmetry.qaf.automation.step.client.DataDrivenScenario"/>
  <testcase name="Create user with outline" time="0.353" classname="com.qmetry.qaf.automation.step.client.DataDrivenScenario"/>
  <testcase name="Verify post operation for list of users with valid data" time="0.0" classname="com.qmetry.qaf.automation.step.client.DataDrivenScenario">
    <ignored/>
  </testcase> <!-- Verify post operation for list of users with valid data -->
  <testcase name="Create user with outline" time="0.0" classname="com.qmetry.qaf.automation.step.client.DataDrivenScenario">
    <ignored/>
  </testcase> <!-- Create user with outline -->
  <testcase name="@BeforeTest setupTest" time="0.0" classname="com.qmetry.qaf.automation.testng.TestNGTestCase">
    <ignored/>
  </testcase> <!-- @BeforeTest setupTest -->
  <testcase name="@BeforeSuite setupSuit" time="0.0" classname="com.qmetry.qaf.automation.testng.TestNGTestCase">
    <ignored/>
  </testcase> <!-- @BeforeSuite setupSuit -->
  <testcase name="@AfterSuite afterSuit" time="0.0" classname="com.qmetry.qaf.automation.testng.TestNGTestCase">
    <ignored/>
  </testcase> <!-- @AfterSuite afterSuit -->
  <testcase name="@AfterTest afterTest" time="0.0" classname="com.qmetry.qaf.automation.ui.AbstractTestCase">
    <ignored/>
  </testcase> <!-- @AfterTest afterTest -->
</testsuite> <!-- BDD Test -->
