<?xml version="1.0" encoding="UTF-8"?>
<!-- Generated by org.testng.reporters.JUnitXMLReporter -->
<testsuite hostname="Nishits-MacBook-Pro.local" name="Behavior-Driven Development API Test" tests="6" failures="0" timestamp="28 Dec 2021 04:38:22 GMT" time="7.752" errors="0">
  <testcase name="Verify post operation for list of users with valid data" time="3.397" classname="com.qmetry.qaf.automation.step.client.DataDrivenScenario"/>
  <testcase name="Get User Details" time="0.888" classname="com.qmetry.qaf.automation.step.client.Scenario"/>
  <testcase name="Verify invalid user by performing GET API Request" time="0.778" classname="com.qmetry.qaf.automation.step.client.Scenario"/>
  <testcase name="Create user with outline" time="0.824" classname="com.qmetry.qaf.automation.step.client.DataDrivenScenario"/>
  <testcase name="Create user with outline" time="0.814" classname="com.qmetry.qaf.automation.step.client.DataDrivenScenario"/>
  <testcase name="Create user with outline" time="0.798" classname="com.qmetry.qaf.automation.step.client.DataDrivenScenario"/>
</testsuite> <!-- Behavior-Driven Development API Test -->
